File does not exist: 
The absolute path of the CSV file is: /home/victorboi/Linux_Course_Work/Q4/my_plant.csv
Requirement already satisfied: pip in /home/victorboi/Linux_Course_Work/env/lib/python3.12/site-packages (25.0.1)
Requirement already satisfied: matplotlib in /home/victorboi/Linux_Course_Work/env/lib/python3.12/site-packages (3.10.1)
Requirement already satisfied: pandas in /home/victorboi/Linux_Course_Work/env/lib/python3.12/site-packages (2.2.3)
Requirement already satisfied: contourpy>=1.0.1 in /home/victorboi/Linux_Course_Work/env/lib/python3.12/site-packages (from matplotlib) (1.3.1)
Requirement already satisfied: cycler>=0.10 in /home/victorboi/Linux_Course_Work/env/lib/python3.12/site-packages (from matplotlib) (0.12.1)
Requirement already satisfied: fonttools>=4.22.0 in /home/victorboi/Linux_Course_Work/env/lib/python3.12/site-packages (from matplotlib) (4.56.0)
Requirement already satisfied: kiwisolver>=1.3.1 in /home/victorboi/Linux_Course_Work/env/lib/python3.12/site-packages (from matplotlib) (1.4.8)
Requirement already satisfied: numpy>=1.23 in /home/victorboi/Linux_Course_Work/env/lib/python3.12/site-packages (from matplotlib) (2.2.3)
Requirement already satisfied: packaging>=20.0 in /home/victorboi/Linux_Course_Work/env/lib/python3.12/site-packages (from matplotlib) (24.2)
Requirement already satisfied: pillow>=8 in /home/victorboi/Linux_Course_Work/env/lib/python3.12/site-packages (from matplotlib) (11.1.0)
Requirement already satisfied: pyparsing>=2.3.1 in /home/victorboi/Linux_Course_Work/env/lib/python3.12/site-packages (from matplotlib) (3.2.1)
Requirement already satisfied: python-dateutil>=2.7 in /home/victorboi/Linux_Course_Work/env/lib/python3.12/site-packages (from matplotlib) (2.9.0.post0)
Requirement already satisfied: pytz>=2020.1 in /home/victorboi/Linux_Course_Work/env/lib/python3.12/site-packages (from pandas) (2025.1)
Requirement already satisfied: tzdata>=2022.7 in /home/victorboi/Linux_Course_Work/env/lib/python3.12/site-packages (from pandas) (2025.1)
Requirement already satisfied: six>=1.5 in /home/victorboi/Linux_Course_Work/env/lib/python3.12/site-packages (from python-dateutil>=2.7->matplotlib) (1.17.0)
Running plant.py with /home/victorboi/Linux_Course_Work/Q4/my_plant.csv
Python script ran successfully.
Script completed successfully.
